0 info it worked if it ends with ok
1 verbose cli [ 'C:\\Program Files (x86)\\nodejs\\node.exe',
1 verbose cli   'C:\\Program Files (x86)\\nodejs\\node_modules\\npm\\bin\\npm-cli.js',
1 verbose cli   'install',
1 verbose cli   'formidable@latest' ]
2 info using npm@2.15.1
3 info using node@v4.4.4
4 verbose install initial load of C:\Users\nali\WebstormProjects\angularjs\package.json
5 verbose stack Error: Failed to parse json
5 verbose stack Unexpected token 'f' at 16:6
5 verbose stack     "formidable" : "latest"
5 verbose stack      ^
5 verbose stack     at parseError (C:\Program Files (x86)\nodejs\node_modules\npm\node_modules\read-package-json\read-json.js:379:11)
5 verbose stack     at parseJson (C:\Program Files (x86)\nodejs\node_modules\npm\node_modules\read-package-json\read-json.js:68:23)
5 verbose stack     at C:\Program Files (x86)\nodejs\node_modules\npm\node_modules\read-package-json\read-json.js:48:5
5 verbose stack     at C:\Program Files (x86)\nodejs\node_modules\npm\node_modules\graceful-fs\graceful-fs.js:78:16
5 verbose stack     at FSReqWrap.readFileAfterClose [as oncomplete] (fs.js:380:3)
6 verbose cwd C:\Users\nali\WebstormProjects\angularjs
7 error Windows_NT 6.1.7601
8 error argv "C:\\Program Files (x86)\\nodejs\\node.exe" "C:\\Program Files (x86)\\nodejs\\node_modules\\npm\\bin\\npm-cli.js" "install" "formidable@latest"
9 error node v4.4.4
10 error npm  v2.15.1
11 error file C:\Users\nali\WebstormProjects\angularjs\package.json
12 error code EJSONPARSE
13 error Failed to parse json
13 error Unexpected token 'f' at 16:6
13 error     "formidable" : "latest"
13 error      ^
14 error File: C:\Users\nali\WebstormProjects\angularjs\package.json
15 error Failed to parse package.json data.
15 error package.json must be actual JSON, not just JavaScript.
15 error
15 error This is not a bug in npm.
15 error Tell the package author to fix their package.json file. JSON.parse
16 verbose exit [ 1, true ]
